The target system is: Android - 1 - armv7-a
The host system is: Linux - 5.13.9-200.fc34.x86_64 - x86_64
Determining if the C compiler works passed with the following output:
Change Dir: /mnt/hdd_2tb/home/hydroxide/projects/polyvox/polyvox_filament/android/.cxx/cmake/debug/armeabi-v7a/CMakeFiles/CMakeTmp

Run Build Command:"/home/hydroxide/Android/Sdk/cmake/3.10.2.4988404/bin/ninja" "cmTC_aa824"
[1/2] Building C object CMakeFiles/cmTC_aa824.dir/testCCompiler.c.o
[2/2] Linking C executable cmTC_aa824


Detecting C compiler ABI info compiled with the following output:
Change Dir: /mnt/hdd_2tb/home/hydroxide/projects/polyvox/polyvox_filament/android/.cxx/cmake/debug/armeabi-v7a/CMakeFiles/CMakeTmp

Run Build Command:"/home/hydroxide/Android/Sdk/cmake/3.10.2.4988404/bin/ninja" "cmTC_6c90a"
[1/2] Building C object CMakeFiles/cmTC_6c90a.dir/CMakeCCompilerABI.c.o
[2/2] Linking C executable cmTC_6c90a
Android (7714059, based on r416183c1) clang version 12.0.8 (https://android.googlesource.com/toolchain/llvm-project c935d99d7cf2016289302412d708641d52d2f7ee)
Target: armv7-none-linux-android21
Thread model: posix
InstalledDir: /home/hydroxide/Android/Sdk/ndk/23.1.7779620/toolchains/llvm/prebuilt/linux-x86_64/bin
Found candidate GCC installation: /home/hydroxide/Android/Sdk/ndk/23.1.7779620/toolchains/llvm/prebuilt/linux-x86_64/lib/gcc/arm-linux-androideabi/4.9.x
Selected GCC installation: /home/hydroxide/Android/Sdk/ndk/23.1.7779620/toolchains/llvm/prebuilt/linux-x86_64/lib/gcc/arm-linux-androideabi/4.9.x
 "/home/hydroxide/Android/Sdk/ndk/23.1.7779620/toolchains/llvm/prebuilt/linux-x86_64/bin/ld" --sysroot=/home/hydroxide/Android/Sdk/ndk/23.1.7779620/toolchains/llvm/prebuilt/linux-x86_64/sysroot -pie -z noexecstack -EL --warn-shared-textrel -z now -z relro -z max-page-size=4096 -X --hash-style=gnu --hash-style=both --enable-new-dtags --eh-frame-hdr -m armelf_linux_eabi -dynamic-linker /system/bin/linker -o cmTC_6c90a /home/hydroxide/Android/Sdk/ndk/23.1.7779620/toolchains/llvm/prebuilt/linux-x86_64/sysroot/usr/lib/arm-linux-androideabi/21/crtbegin_dynamic.o -L/home/hydroxide/Android/Sdk/ndk/23.1.7779620/toolchains/llvm/prebuilt/linux-x86_64/lib64/clang/12.0.8/lib/linux/arm -L/home/hydroxide/Android/Sdk/ndk/23.1.7779620/toolchains/llvm/prebuilt/linux-x86_64/lib/gcc/arm-linux-androideabi/4.9.x -L/home/hydroxide/Android/Sdk/ndk/23.1.7779620/toolchains/llvm/prebuilt/linux-x86_64/sysroot/usr/lib/arm-linux-androideabi/21 -L/home/hydroxide/Android/Sdk/ndk/23.1.7779620/toolchains/llvm/prebuilt/linux-x86_64/sysroot/usr/lib/arm-linux-androideabi -L/home/hydroxide/Android/Sdk/ndk/23.1.7779620/toolchains/llvm/prebuilt/linux-x86_64/sysroot/usr/lib/../lib -L/home/hydroxide/Android/Sdk/ndk/23.1.7779620/toolchains/llvm/prebuilt/linux-x86_64/sysroot/usr/lib/arm-linux-androideabi/../../lib -L/home/hydroxide/Android/Sdk/ndk/23.1.7779620/toolchains/llvm/prebuilt/linux-x86_64/sysroot/usr/lib --build-id=sha1 --no-rosegment --fatal-warnings --no-undefined --gc-sections CMakeFiles/cmTC_6c90a.dir/CMakeCCompilerABI.c.o /home/hydroxide/Android/Sdk/ndk/23.1.7779620/toolchains/llvm/prebuilt/linux-x86_64/lib64/clang/12.0.8/lib/linux/libclang_rt.builtins-arm-android.a -l:libunwind.a -ldl -lc /home/hydroxide/Android/Sdk/ndk/23.1.7779620/toolchains/llvm/prebuilt/linux-x86_64/lib64/clang/12.0.8/lib/linux/libclang_rt.builtins-arm-android.a -l:libunwind.a -ldl /home/hydroxide/Android/Sdk/ndk/23.1.7779620/toolchains/llvm/prebuilt/linux-x86_64/sysroot/usr/lib/arm-linux-androideabi/21/crtend_android.o


Parsed C implicit link information from above output:
  link line regex: [^( *|.*[/\])(CMAKE_LINKER-NOTFOUND|CMAKE_LINK_STARTFILE-NOTFOUND|([^/\]+-)?ld|collect2)[^/\]*( |$)]
  ignore line: [Change Dir: /mnt/hdd_2tb/home/hydroxide/projects/polyvox/polyvox_filament/android/.cxx/cmake/debug/armeabi-v7a/CMakeFiles/CMakeTmp]
  ignore line: []
  ignore line: [Run Build Command:"/home/hydroxide/Android/Sdk/cmake/3.10.2.4988404/bin/ninja" "cmTC_6c90a"]
  ignore line: [[1/2] Building C object CMakeFiles/cmTC_6c90a.dir/CMakeCCompilerABI.c.o]
  ignore line: [[2/2] Linking C executable cmTC_6c90a]
  ignore line: [Android (7714059, based on r416183c1) clang version 12.0.8 (https://android.googlesource.com/toolchain/llvm-project c935d99d7cf2016289302412d708641d52d2f7ee)]
  ignore line: [Target: armv7-none-linux-android21]
  ignore line: [Thread model: posix]
  ignore line: [InstalledDir: /home/hydroxide/Android/Sdk/ndk/23.1.7779620/toolchains/llvm/prebuilt/linux-x86_64/bin]
  ignore line: [Found candidate GCC installation: /home/hydroxide/Android/Sdk/ndk/23.1.7779620/toolchains/llvm/prebuilt/linux-x86_64/lib/gcc/arm-linux-androideabi/4.9.x]
  ignore line: [Selected GCC installation: /home/hydroxide/Android/Sdk/ndk/23.1.7779620/toolchains/llvm/prebuilt/linux-x86_64/lib/gcc/arm-linux-androideabi/4.9.x]
  link line: [ "/home/hydroxide/Android/Sdk/ndk/23.1.7779620/toolchains/llvm/prebuilt/linux-x86_64/bin/ld" --sysroot=/home/hydroxide/Android/Sdk/ndk/23.1.7779620/toolchains/llvm/prebuilt/linux-x86_64/sysroot -pie -z noexecstack -EL --warn-shared-textrel -z now -z relro -z max-page-size=4096 -X --hash-style=gnu --hash-style=both --enable-new-dtags --eh-frame-hdr -m armelf_linux_eabi -dynamic-linker /system/bin/linker -o cmTC_6c90a /home/hydroxide/Android/Sdk/ndk/23.1.7779620/toolchains/llvm/prebuilt/linux-x86_64/sysroot/usr/lib/arm-linux-androideabi/21/crtbegin_dynamic.o -L/home/hydroxide/Android/Sdk/ndk/23.1.7779620/toolchains/llvm/prebuilt/linux-x86_64/lib64/clang/12.0.8/lib/linux/arm -L/home/hydroxide/Android/Sdk/ndk/23.1.7779620/toolchains/llvm/prebuilt/linux-x86_64/lib/gcc/arm-linux-androideabi/4.9.x -L/home/hydroxide/Android/Sdk/ndk/23.1.7779620/toolchains/llvm/prebuilt/linux-x86_64/sysroot/usr/lib/arm-linux-androideabi/21 -L/home/hydroxide/Android/Sdk/ndk/23.1.7779620/toolchains/llvm/prebuilt/linux-x86_64/sysroot/usr/lib/arm-linux-androideabi -L/home/hydroxide/Android/Sdk/ndk/23.1.7779620/toolchains/llvm/prebuilt/linux-x86_64/sysroot/usr/lib/../lib -L/home/hydroxide/Android/Sdk/ndk/23.1.7779620/toolchains/llvm/prebuilt/linux-x86_64/sysroot/usr/lib/arm-linux-androideabi/../../lib -L/home/hydroxide/Android/Sdk/ndk/23.1.7779620/toolchains/llvm/prebuilt/linux-x86_64/sysroot/usr/lib --build-id=sha1 --no-rosegment --fatal-warnings --no-undefined --gc-sections CMakeFiles/cmTC_6c90a.dir/CMakeCCompilerABI.c.o /home/hydroxide/Android/Sdk/ndk/23.1.7779620/toolchains/llvm/prebuilt/linux-x86_64/lib64/clang/12.0.8/lib/linux/libclang_rt.builtins-arm-android.a -l:libunwind.a -ldl -lc /home/hydroxide/Android/Sdk/ndk/23.1.7779620/toolchains/llvm/prebuilt/linux-x86_64/lib64/clang/12.0.8/lib/linux/libclang_rt.builtins-arm-android.a -l:libunwind.a -ldl /home/hydroxide/Android/Sdk/ndk/23.1.7779620/toolchains/llvm/prebuilt/linux-x86_64/sysroot/usr/lib/arm-linux-androideabi/21/crtend_android.o]
    arg [/home/hydroxide/Android/Sdk/ndk/23.1.7779620/toolchains/llvm/prebuilt/linux-x86_64/bin/ld] ==> ignore
    arg [--sysroot=/home/hydroxide/Android/Sdk/ndk/23.1.7779620/toolchains/llvm/prebuilt/linux-x86_64/sysroot] ==> ignore
    arg [-pie] ==> ignore
    arg [-znoexecstack] ==> ignore
    arg [-EL] ==> ignore
    arg [--warn-shared-textrel] ==> ignore
    arg [-znow] ==> ignore
    arg [-zrelro] ==> ignore
    arg [-zmax-page-size=4096] ==> ignore
    arg [-X] ==> ignore
    arg [--hash-style=gnu] ==> ignore
    arg [--hash-style=both] ==> ignore
    arg [--enable-new-dtags] ==> ignore
    arg [--eh-frame-hdr] ==> ignore
    arg [-m] ==> ignore
    arg [armelf_linux_eabi] ==> ignore
    arg [-dynamic-linker] ==> ignore
    arg [/system/bin/linker] ==> ignore
    arg [-o] ==> ignore
    arg [cmTC_6c90a] ==> ignore
    arg [/home/hydroxide/Android/Sdk/ndk/23.1.7779620/toolchains/llvm/prebuilt/linux-x86_64/sysroot/usr/lib/arm-linux-androideabi/21/crtbegin_dynamic.o] ==> ignore
    arg [-L/home/hydroxide/Android/Sdk/ndk/23.1.7779620/toolchains/llvm/prebuilt/linux-x86_64/lib64/clang/12.0.8/lib/linux/arm] ==> dir [/home/hydroxide/Android/Sdk/ndk/23.1.7779620/toolchains/llvm/prebuilt/linux-x86_64/lib64/clang/12.0.8/lib/linux/arm]
    arg [-L/home/hydroxide/Android/Sdk/ndk/23.1.7779620/toolchains/llvm/prebuilt/linux-x86_64/lib/gcc/arm-linux-androideabi/4.9.x] ==> dir [/home/hydroxide/Android/Sdk/ndk/23.1.7779620/toolchains/llvm/prebuilt/linux-x86_64/lib/gcc/arm-linux-androideabi/4.9.x]
    arg [-L/home/hydroxide/Android/Sdk/ndk/23.1.7779620/toolchains/llvm/prebuilt/linux-x86_64/sysroot/usr/lib/arm-linux-androideabi/21] ==> dir [/home/hydroxide/Android/Sdk/ndk/23.1.7779620/toolchains/llvm/prebuilt/linux-x86_64/sysroot/usr/lib/arm-linux-androideabi/21]
    arg [-L/home/hydroxide/Android/Sdk/ndk/23.1.7779620/toolchains/llvm/prebuilt/linux-x86_64/sysroot/usr/lib/arm-linux-androideabi] ==> dir [/home/hydroxide/Android/Sdk/ndk/23.1.7779620/toolchains/llvm/prebuilt/linux-x86_64/sysroot/usr/lib/arm-linux-androideabi]
    arg [-L/home/hydroxide/Android/Sdk/ndk/23.1.7779620/toolchains/llvm/prebuilt/linux-x86_64/sysroot/usr/lib/../lib] ==> dir [/home/hydroxide/Android/Sdk/ndk/23.1.7779620/toolchains/llvm/prebuilt/linux-x86_64/sysroot/usr/lib/../lib]
    arg [-L/home/hydroxide/Android/Sdk/ndk/23.1.7779620/toolchains/llvm/prebuilt/linux-x86_64/sysroot/usr/lib/arm-linux-androideabi/../../lib] ==> dir [/home/hydroxide/Android/Sdk/ndk/23.1.7779620/toolchains/llvm/prebuilt/linux-x86_64/sysroot/usr/lib/arm-linux-androideabi/../../lib]
    arg [-L/home/hydroxide/Android/Sdk/ndk/23.1.7779620/toolchains/llvm/prebuilt/linux-x86_64/sysroot/usr/lib] ==> dir [/home/hydroxide/Android/Sdk/ndk/23.1.7779620/toolchains/llvm/prebuilt/linux-x86_64/sysroot/usr/lib]
    arg [--build-id=sha1] ==> ignore
    arg [--no-rosegment] ==> ignore
    arg [--fatal-warnings] ==> ignore
    arg [--no-undefined] ==> ignore
    arg [--gc-sections] ==> ignore
    arg [CMakeFiles/cmTC_6c90a.dir/CMakeCCompilerABI.c.o] ==> ignore
    arg [/home/hydroxide/Android/Sdk/ndk/23.1.7779620/toolchains/llvm/prebuilt/linux-x86_64/lib64/clang/12.0.8/lib/linux/libclang_rt.builtins-arm-android.a] ==> lib [/home/hydroxide/Android/Sdk/ndk/23.1.7779620/toolchains/llvm/prebuilt/linux-x86_64/lib64/clang/12.0.8/lib/linux/libclang_rt.builtins-arm-android.a]
    arg [-l:libunwind.a] ==> lib [-l:libunwind.a]
    arg [-ldl] ==> lib [dl]
    arg [-lc] ==> lib [c]
    arg [/home/hydroxide/Android/Sdk/ndk/23.1.7779620/toolchains/llvm/prebuilt/linux-x86_64/lib64/clang/12.0.8/lib/linux/libclang_rt.builtins-arm-android.a] ==> lib [/home/hydroxide/Android/Sdk/ndk/23.1.7779620/toolchains/llvm/prebuilt/linux-x86_64/lib64/clang/12.0.8/lib/linux/libclang_rt.builtins-arm-android.a]
    arg [-l:libunwind.a] ==> lib [-l:libunwind.a]
    arg [-ldl] ==> lib [dl]
    arg [/home/hydroxide/Android/Sdk/ndk/23.1.7779620/toolchains/llvm/prebuilt/linux-x86_64/sysroot/usr/lib/arm-linux-androideabi/21/crtend_android.o] ==> ignore
  remove lib [/home/hydroxide/Android/Sdk/ndk/23.1.7779620/toolchains/llvm/prebuilt/linux-x86_64/lib64/clang/12.0.8/lib/linux/libclang_rt.builtins-arm-android.a]
  remove lib [/home/hydroxide/Android/Sdk/ndk/23.1.7779620/toolchains/llvm/prebuilt/linux-x86_64/lib64/clang/12.0.8/lib/linux/libclang_rt.builtins-arm-android.a]
  collapse library dir [/home/hydroxide/Android/Sdk/ndk/23.1.7779620/toolchains/llvm/prebuilt/linux-x86_64/lib64/clang/12.0.8/lib/linux/arm] ==> [/home/hydroxide/Android/Sdk/ndk/23.1.7779620/toolchains/llvm/prebuilt/linux-x86_64/lib64/clang/12.0.8/lib/linux/arm]
  collapse library dir [/home/hydroxide/Android/Sdk/ndk/23.1.7779620/toolchains/llvm/prebuilt/linux-x86_64/lib/gcc/arm-linux-androideabi/4.9.x] ==> [/home/hydroxide/Android/Sdk/ndk/23.1.7779620/toolchains/llvm/prebuilt/linux-x86_64/lib/gcc/arm-linux-androideabi/4.9.x]
  collapse library dir [/home/hydroxide/Android/Sdk/ndk/23.1.7779620/toolchains/llvm/prebuilt/linux-x86_64/sysroot/usr/lib/arm-linux-androideabi/21] ==> [/home/hydroxide/Android/Sdk/ndk/23.1.7779620/toolchains/llvm/prebuilt/linux-x86_64/sysroot/usr/lib/arm-linux-androideabi/21]
  collapse library dir [/home/hydroxide/Android/Sdk/ndk/23.1.7779620/toolchains/llvm/prebuilt/linux-x86_64/sysroot/usr/lib/arm-linux-androideabi] ==> [/home/hydroxide/Android/Sdk/ndk/23.1.7779620/toolchains/llvm/prebuilt/linux-x86_64/sysroot/usr/lib/arm-linux-androideabi]
  collapse library dir [/home/hydroxide/Android/Sdk/ndk/23.1.7779620/toolchains/llvm/prebuilt/linux-x86_64/sysroot/usr/lib/../lib] ==> [/home/hydroxide/Android/Sdk/ndk/23.1.7779620/toolchains/llvm/prebuilt/linux-x86_64/sysroot/usr/lib]
  collapse library dir [/home/hydroxide/Android/Sdk/ndk/23.1.7779620/toolchains/llvm/prebuilt/linux-x86_64/sysroot/usr/lib/arm-linux-androideabi/../../lib] ==> [/home/hydroxide/Android/Sdk/ndk/23.1.7779620/toolchains/llvm/prebuilt/linux-x86_64/sysroot/usr/lib]
  collapse library dir [/home/hydroxide/Android/Sdk/ndk/23.1.7779620/toolchains/llvm/prebuilt/linux-x86_64/sysroot/usr/lib] ==> [/home/hydroxide/Android/Sdk/ndk/23.1.7779620/toolchains/llvm/prebuilt/linux-x86_64/sysroot/usr/lib]
  implicit libs: [-l:libunwind.a;dl;c;-l:libunwind.a;dl]
  implicit dirs: [/home/hydroxide/Android/Sdk/ndk/23.1.7779620/toolchains/llvm/prebuilt/linux-x86_64/lib64/clang/12.0.8/lib/linux/arm;/home/hydroxide/Android/Sdk/ndk/23.1.7779620/toolchains/llvm/prebuilt/linux-x86_64/lib/gcc/arm-linux-androideabi/4.9.x;/home/hydroxide/Android/Sdk/ndk/23.1.7779620/toolchains/llvm/prebuilt/linux-x86_64/sysroot/usr/lib/arm-linux-androideabi/21;/home/hydroxide/Android/Sdk/ndk/23.1.7779620/toolchains/llvm/prebuilt/linux-x86_64/sysroot/usr/lib/arm-linux-androideabi;/home/hydroxide/Android/Sdk/ndk/23.1.7779620/toolchains/llvm/prebuilt/linux-x86_64/sysroot/usr/lib]
  implicit fwks: []




Detecting C [-std=c11] compiler features compiled with the following output:
Change Dir: /mnt/hdd_2tb/home/hydroxide/projects/polyvox/polyvox_filament/android/.cxx/cmake/debug/armeabi-v7a/CMakeFiles/CMakeTmp

Run Build Command:"/home/hydroxide/Android/Sdk/cmake/3.10.2.4988404/bin/ninja" "cmTC_2da7c"
[1/2] Building C object CMakeFiles/cmTC_2da7c.dir/feature_tests.c.o
[2/2] Linking C executable cmTC_2da7c


    Feature record: C_FEATURE:1c_function_prototypes
    Feature record: C_FEATURE:1c_restrict
    Feature record: C_FEATURE:1c_static_assert
    Feature record: C_FEATURE:1c_variadic_macros


Detecting C [-std=c99] compiler features compiled with the following output:
Change Dir: /mnt/hdd_2tb/home/hydroxide/projects/polyvox/polyvox_filament/android/.cxx/cmake/debug/armeabi-v7a/CMakeFiles/CMakeTmp

Run Build Command:"/home/hydroxide/Android/Sdk/cmake/3.10.2.4988404/bin/ninja" "cmTC_527e1"
[1/2] Building C object CMakeFiles/cmTC_527e1.dir/feature_tests.c.o
[2/2] Linking C executable cmTC_527e1


    Feature record: C_FEATURE:1c_function_prototypes
    Feature record: C_FEATURE:1c_restrict
    Feature record: C_FEATURE:0c_static_assert
    Feature record: C_FEATURE:1c_variadic_macros


Detecting C [-std=c90] compiler features compiled with the following output:
Change Dir: /mnt/hdd_2tb/home/hydroxide/projects/polyvox/polyvox_filament/android/.cxx/cmake/debug/armeabi-v7a/CMakeFiles/CMakeTmp

Run Build Command:"/home/hydroxide/Android/Sdk/cmake/3.10.2.4988404/bin/ninja" "cmTC_7cc5b"
[1/2] Building C object CMakeFiles/cmTC_7cc5b.dir/feature_tests.c.o
[2/2] Linking C executable cmTC_7cc5b


    Feature record: C_FEATURE:1c_function_prototypes
    Feature record: C_FEATURE:0c_restrict
    Feature record: C_FEATURE:0c_static_assert
    Feature record: C_FEATURE:0c_variadic_macros
Determining if the CXX compiler works passed with the following output:
Change Dir: /mnt/hdd_2tb/home/hydroxide/projects/polyvox/polyvox_filament/android/.cxx/cmake/debug/armeabi-v7a/CMakeFiles/CMakeTmp

Run Build Command:"/home/hydroxide/Android/Sdk/cmake/3.10.2.4988404/bin/ninja" "cmTC_2e639"
[1/2] Building CXX object CMakeFiles/cmTC_2e639.dir/testCXXCompiler.cxx.o
[2/2] Linking CXX executable cmTC_2e639


Detecting CXX compiler ABI info compiled with the following output:
Change Dir: /mnt/hdd_2tb/home/hydroxide/projects/polyvox/polyvox_filament/android/.cxx/cmake/debug/armeabi-v7a/CMakeFiles/CMakeTmp

Run Build Command:"/home/hydroxide/Android/Sdk/cmake/3.10.2.4988404/bin/ninja" "cmTC_85666"
[1/2] Building CXX object CMakeFiles/cmTC_85666.dir/CMakeCXXCompilerABI.cpp.o
[2/2] Linking CXX executable cmTC_85666
Android (7714059, based on r416183c1) clang version 12.0.8 (https://android.googlesource.com/toolchain/llvm-project c935d99d7cf2016289302412d708641d52d2f7ee)
Target: armv7-none-linux-android21
Thread model: posix
InstalledDir: /home/hydroxide/Android/Sdk/ndk/23.1.7779620/toolchains/llvm/prebuilt/linux-x86_64/bin
Found candidate GCC installation: /home/hydroxide/Android/Sdk/ndk/23.1.7779620/toolchains/llvm/prebuilt/linux-x86_64/lib/gcc/arm-linux-androideabi/4.9.x
Selected GCC installation: /home/hydroxide/Android/Sdk/ndk/23.1.7779620/toolchains/llvm/prebuilt/linux-x86_64/lib/gcc/arm-linux-androideabi/4.9.x
 "/home/hydroxide/Android/Sdk/ndk/23.1.7779620/toolchains/llvm/prebuilt/linux-x86_64/bin/ld" --sysroot=/home/hydroxide/Android/Sdk/ndk/23.1.7779620/toolchains/llvm/prebuilt/linux-x86_64/sysroot -pie -z noexecstack -EL --warn-shared-textrel -z now -z relro -z max-page-size=4096 -X --hash-style=gnu --hash-style=both --enable-new-dtags --eh-frame-hdr -m armelf_linux_eabi -dynamic-linker /system/bin/linker -o cmTC_85666 /home/hydroxide/Android/Sdk/ndk/23.1.7779620/toolchains/llvm/prebuilt/linux-x86_64/sysroot/usr/lib/arm-linux-androideabi/21/crtbegin_dynamic.o -L/home/hydroxide/Android/Sdk/ndk/23.1.7779620/toolchains/llvm/prebuilt/linux-x86_64/lib64/clang/12.0.8/lib/linux/arm -L/home/hydroxide/Android/Sdk/ndk/23.1.7779620/toolchains/llvm/prebuilt/linux-x86_64/lib/gcc/arm-linux-androideabi/4.9.x -L/home/hydroxide/Android/Sdk/ndk/23.1.7779620/toolchains/llvm/prebuilt/linux-x86_64/sysroot/usr/lib/arm-linux-androideabi/21 -L/home/hydroxide/Android/Sdk/ndk/23.1.7779620/toolchains/llvm/prebuilt/linux-x86_64/sysroot/usr/lib/arm-linux-androideabi -L/home/hydroxide/Android/Sdk/ndk/23.1.7779620/toolchains/llvm/prebuilt/linux-x86_64/sysroot/usr/lib/../lib -L/home/hydroxide/Android/Sdk/ndk/23.1.7779620/toolchains/llvm/prebuilt/linux-x86_64/sysroot/usr/lib/arm-linux-androideabi/../../lib -L/home/hydroxide/Android/Sdk/ndk/23.1.7779620/toolchains/llvm/prebuilt/linux-x86_64/sysroot/usr/lib --build-id=sha1 --no-rosegment --fatal-warnings --no-undefined --gc-sections CMakeFiles/cmTC_85666.dir/CMakeCXXCompilerABI.cpp.o -Bstatic -lc++ -Bdynamic -lm /home/hydroxide/Android/Sdk/ndk/23.1.7779620/toolchains/llvm/prebuilt/linux-x86_64/lib64/clang/12.0.8/lib/linux/libclang_rt.builtins-arm-android.a -l:libunwind.a -ldl -lc /home/hydroxide/Android/Sdk/ndk/23.1.7779620/toolchains/llvm/prebuilt/linux-x86_64/lib64/clang/12.0.8/lib/linux/libclang_rt.builtins-arm-android.a -l:libunwind.a -ldl /home/hydroxide/Android/Sdk/ndk/23.1.7779620/toolchains/llvm/prebuilt/linux-x86_64/sysroot/usr/lib/arm-linux-androideabi/21/crtend_android.o


Parsed CXX implicit link information from above output:
  link line regex: [^( *|.*[/\])(CMAKE_LINKER-NOTFOUND|CMAKE_LINK_STARTFILE-NOTFOUND|([^/\]+-)?ld|collect2)[^/\]*( |$)]
  ignore line: [Change Dir: /mnt/hdd_2tb/home/hydroxide/projects/polyvox/polyvox_filament/android/.cxx/cmake/debug/armeabi-v7a/CMakeFiles/CMakeTmp]
  ignore line: []
  ignore line: [Run Build Command:"/home/hydroxide/Android/Sdk/cmake/3.10.2.4988404/bin/ninja" "cmTC_85666"]
  ignore line: [[1/2] Building CXX object CMakeFiles/cmTC_85666.dir/CMakeCXXCompilerABI.cpp.o]
  ignore line: [[2/2] Linking CXX executable cmTC_85666]
  ignore line: [Android (7714059, based on r416183c1) clang version 12.0.8 (https://android.googlesource.com/toolchain/llvm-project c935d99d7cf2016289302412d708641d52d2f7ee)]
  ignore line: [Target: armv7-none-linux-android21]
  ignore line: [Thread model: posix]
  ignore line: [InstalledDir: /home/hydroxide/Android/Sdk/ndk/23.1.7779620/toolchains/llvm/prebuilt/linux-x86_64/bin]
  ignore line: [Found candidate GCC installation: /home/hydroxide/Android/Sdk/ndk/23.1.7779620/toolchains/llvm/prebuilt/linux-x86_64/lib/gcc/arm-linux-androideabi/4.9.x]
  ignore line: [Selected GCC installation: /home/hydroxide/Android/Sdk/ndk/23.1.7779620/toolchains/llvm/prebuilt/linux-x86_64/lib/gcc/arm-linux-androideabi/4.9.x]
  link line: [ "/home/hydroxide/Android/Sdk/ndk/23.1.7779620/toolchains/llvm/prebuilt/linux-x86_64/bin/ld" --sysroot=/home/hydroxide/Android/Sdk/ndk/23.1.7779620/toolchains/llvm/prebuilt/linux-x86_64/sysroot -pie -z noexecstack -EL --warn-shared-textrel -z now -z relro -z max-page-size=4096 -X --hash-style=gnu --hash-style=both --enable-new-dtags --eh-frame-hdr -m armelf_linux_eabi -dynamic-linker /system/bin/linker -o cmTC_85666 /home/hydroxide/Android/Sdk/ndk/23.1.7779620/toolchains/llvm/prebuilt/linux-x86_64/sysroot/usr/lib/arm-linux-androideabi/21/crtbegin_dynamic.o -L/home/hydroxide/Android/Sdk/ndk/23.1.7779620/toolchains/llvm/prebuilt/linux-x86_64/lib64/clang/12.0.8/lib/linux/arm -L/home/hydroxide/Android/Sdk/ndk/23.1.7779620/toolchains/llvm/prebuilt/linux-x86_64/lib/gcc/arm-linux-androideabi/4.9.x -L/home/hydroxide/Android/Sdk/ndk/23.1.7779620/toolchains/llvm/prebuilt/linux-x86_64/sysroot/usr/lib/arm-linux-androideabi/21 -L/home/hydroxide/Android/Sdk/ndk/23.1.7779620/toolchains/llvm/prebuilt/linux-x86_64/sysroot/usr/lib/arm-linux-androideabi -L/home/hydroxide/Android/Sdk/ndk/23.1.7779620/toolchains/llvm/prebuilt/linux-x86_64/sysroot/usr/lib/../lib -L/home/hydroxide/Android/Sdk/ndk/23.1.7779620/toolchains/llvm/prebuilt/linux-x86_64/sysroot/usr/lib/arm-linux-androideabi/../../lib -L/home/hydroxide/Android/Sdk/ndk/23.1.7779620/toolchains/llvm/prebuilt/linux-x86_64/sysroot/usr/lib --build-id=sha1 --no-rosegment --fatal-warnings --no-undefined --gc-sections CMakeFiles/cmTC_85666.dir/CMakeCXXCompilerABI.cpp.o -Bstatic -lc++ -Bdynamic -lm /home/hydroxide/Android/Sdk/ndk/23.1.7779620/toolchains/llvm/prebuilt/linux-x86_64/lib64/clang/12.0.8/lib/linux/libclang_rt.builtins-arm-android.a -l:libunwind.a -ldl -lc /home/hydroxide/Android/Sdk/ndk/23.1.7779620/toolchains/llvm/prebuilt/linux-x86_64/lib64/clang/12.0.8/lib/linux/libclang_rt.builtins-arm-android.a -l:libunwind.a -ldl /home/hydroxide/Android/Sdk/ndk/23.1.7779620/toolchains/llvm/prebuilt/linux-x86_64/sysroot/usr/lib/arm-linux-androideabi/21/crtend_android.o]
    arg [/home/hydroxide/Android/Sdk/ndk/23.1.7779620/toolchains/llvm/prebuilt/linux-x86_64/bin/ld] ==> ignore
    arg [--sysroot=/home/hydroxide/Android/Sdk/ndk/23.1.7779620/toolchains/llvm/prebuilt/linux-x86_64/sysroot] ==> ignore
    arg [-pie] ==> ignore
    arg [-znoexecstack] ==> ignore
    arg [-EL] ==> ignore
    arg [--warn-shared-textrel] ==> ignore
    arg [-znow] ==> ignore
    arg [-zrelro] ==> ignore
    arg [-zmax-page-size=4096] ==> ignore
    arg [-X] ==> ignore
    arg [--hash-style=gnu] ==> ignore
    arg [--hash-style=both] ==> ignore
    arg [--enable-new-dtags] ==> ignore
    arg [--eh-frame-hdr] ==> ignore
    arg [-m] ==> ignore
    arg [armelf_linux_eabi] ==> ignore
    arg [-dynamic-linker] ==> ignore
    arg [/system/bin/linker] ==> ignore
    arg [-o] ==> ignore
    arg [cmTC_85666] ==> ignore
    arg [/home/hydroxide/Android/Sdk/ndk/23.1.7779620/toolchains/llvm/prebuilt/linux-x86_64/sysroot/usr/lib/arm-linux-androideabi/21/crtbegin_dynamic.o] ==> ignore
    arg [-L/home/hydroxide/Android/Sdk/ndk/23.1.7779620/toolchains/llvm/prebuilt/linux-x86_64/lib64/clang/12.0.8/lib/linux/arm] ==> dir [/home/hydroxide/Android/Sdk/ndk/23.1.7779620/toolchains/llvm/prebuilt/linux-x86_64/lib64/clang/12.0.8/lib/linux/arm]
    arg [-L/home/hydroxide/Android/Sdk/ndk/23.1.7779620/toolchains/llvm/prebuilt/linux-x86_64/lib/gcc/arm-linux-androideabi/4.9.x] ==> dir [/home/hydroxide/Android/Sdk/ndk/23.1.7779620/toolchains/llvm/prebuilt/linux-x86_64/lib/gcc/arm-linux-androideabi/4.9.x]
    arg [-L/home/hydroxide/Android/Sdk/ndk/23.1.7779620/toolchains/llvm/prebuilt/linux-x86_64/sysroot/usr/lib/arm-linux-androideabi/21] ==> dir [/home/hydroxide/Android/Sdk/ndk/23.1.7779620/toolchains/llvm/prebuilt/linux-x86_64/sysroot/usr/lib/arm-linux-androideabi/21]
    arg [-L/home/hydroxide/Android/Sdk/ndk/23.1.7779620/toolchains/llvm/prebuilt/linux-x86_64/sysroot/usr/lib/arm-linux-androideabi] ==> dir [/home/hydroxide/Android/Sdk/ndk/23.1.7779620/toolchains/llvm/prebuilt/linux-x86_64/sysroot/usr/lib/arm-linux-androideabi]
    arg [-L/home/hydroxide/Android/Sdk/ndk/23.1.7779620/toolchains/llvm/prebuilt/linux-x86_64/sysroot/usr/lib/../lib] ==> dir [/home/hydroxide/Android/Sdk/ndk/23.1.7779620/toolchains/llvm/prebuilt/linux-x86_64/sysroot/usr/lib/../lib]
    arg [-L/home/hydroxide/Android/Sdk/ndk/23.1.7779620/toolchains/llvm/prebuilt/linux-x86_64/sysroot/usr/lib/arm-linux-androideabi/../../lib] ==> dir [/home/hydroxide/Android/Sdk/ndk/23.1.7779620/toolchains/llvm/prebuilt/linux-x86_64/sysroot/usr/lib/arm-linux-androideabi/../../lib]
    arg [-L/home/hydroxide/Android/Sdk/ndk/23.1.7779620/toolchains/llvm/prebuilt/linux-x86_64/sysroot/usr/lib] ==> dir [/home/hydroxide/Android/Sdk/ndk/23.1.7779620/toolchains/llvm/prebuilt/linux-x86_64/sysroot/usr/lib]
    arg [--build-id=sha1] ==> ignore
    arg [--no-rosegment] ==> ignore
    arg [--fatal-warnings] ==> ignore
    arg [--no-undefined] ==> ignore
    arg [--gc-sections] ==> ignore
    arg [CMakeFiles/cmTC_85666.dir/CMakeCXXCompilerABI.cpp.o] ==> ignore
    arg [-Bstatic] ==> ignore
    arg [-lc++] ==> lib [c++]
    arg [-Bdynamic] ==> ignore
    arg [-lm] ==> lib [m]
    arg [/home/hydroxide/Android/Sdk/ndk/23.1.7779620/toolchains/llvm/prebuilt/linux-x86_64/lib64/clang/12.0.8/lib/linux/libclang_rt.builtins-arm-android.a] ==> lib [/home/hydroxide/Android/Sdk/ndk/23.1.7779620/toolchains/llvm/prebuilt/linux-x86_64/lib64/clang/12.0.8/lib/linux/libclang_rt.builtins-arm-android.a]
    arg [-l:libunwind.a] ==> lib [-l:libunwind.a]
    arg [-ldl] ==> lib [dl]
    arg [-lc] ==> lib [c]
    arg [/home/hydroxide/Android/Sdk/ndk/23.1.7779620/toolchains/llvm/prebuilt/linux-x86_64/lib64/clang/12.0.8/lib/linux/libclang_rt.builtins-arm-android.a] ==> lib [/home/hydroxide/Android/Sdk/ndk/23.1.7779620/toolchains/llvm/prebuilt/linux-x86_64/lib64/clang/12.0.8/lib/linux/libclang_rt.builtins-arm-android.a]
    arg [-l:libunwind.a] ==> lib [-l:libunwind.a]
    arg [-ldl] ==> lib [dl]
    arg [/home/hydroxide/Android/Sdk/ndk/23.1.7779620/toolchains/llvm/prebuilt/linux-x86_64/sysroot/usr/lib/arm-linux-androideabi/21/crtend_android.o] ==> ignore
  remove lib [/home/hydroxide/Android/Sdk/ndk/23.1.7779620/toolchains/llvm/prebuilt/linux-x86_64/lib64/clang/12.0.8/lib/linux/libclang_rt.builtins-arm-android.a]
  remove lib [/home/hydroxide/Android/Sdk/ndk/23.1.7779620/toolchains/llvm/prebuilt/linux-x86_64/lib64/clang/12.0.8/lib/linux/libclang_rt.builtins-arm-android.a]
  collapse library dir [/home/hydroxide/Android/Sdk/ndk/23.1.7779620/toolchains/llvm/prebuilt/linux-x86_64/lib64/clang/12.0.8/lib/linux/arm] ==> [/home/hydroxide/Android/Sdk/ndk/23.1.7779620/toolchains/llvm/prebuilt/linux-x86_64/lib64/clang/12.0.8/lib/linux/arm]
  collapse library dir [/home/hydroxide/Android/Sdk/ndk/23.1.7779620/toolchains/llvm/prebuilt/linux-x86_64/lib/gcc/arm-linux-androideabi/4.9.x] ==> [/home/hydroxide/Android/Sdk/ndk/23.1.7779620/toolchains/llvm/prebuilt/linux-x86_64/lib/gcc/arm-linux-androideabi/4.9.x]
  collapse library dir [/home/hydroxide/Android/Sdk/ndk/23.1.7779620/toolchains/llvm/prebuilt/linux-x86_64/sysroot/usr/lib/arm-linux-androideabi/21] ==> [/home/hydroxide/Android/Sdk/ndk/23.1.7779620/toolchains/llvm/prebuilt/linux-x86_64/sysroot/usr/lib/arm-linux-androideabi/21]
  collapse library dir [/home/hydroxide/Android/Sdk/ndk/23.1.7779620/toolchains/llvm/prebuilt/linux-x86_64/sysroot/usr/lib/arm-linux-androideabi] ==> [/home/hydroxide/Android/Sdk/ndk/23.1.7779620/toolchains/llvm/prebuilt/linux-x86_64/sysroot/usr/lib/arm-linux-androideabi]
  collapse library dir [/home/hydroxide/Android/Sdk/ndk/23.1.7779620/toolchains/llvm/prebuilt/linux-x86_64/sysroot/usr/lib/../lib] ==> [/home/hydroxide/Android/Sdk/ndk/23.1.7779620/toolchains/llvm/prebuilt/linux-x86_64/sysroot/usr/lib]
  collapse library dir [/home/hydroxide/Android/Sdk/ndk/23.1.7779620/toolchains/llvm/prebuilt/linux-x86_64/sysroot/usr/lib/arm-linux-androideabi/../../lib] ==> [/home/hydroxide/Android/Sdk/ndk/23.1.7779620/toolchains/llvm/prebuilt/linux-x86_64/sysroot/usr/lib]
  collapse library dir [/home/hydroxide/Android/Sdk/ndk/23.1.7779620/toolchains/llvm/prebuilt/linux-x86_64/sysroot/usr/lib] ==> [/home/hydroxide/Android/Sdk/ndk/23.1.7779620/toolchains/llvm/prebuilt/linux-x86_64/sysroot/usr/lib]
  implicit libs: [c++;m;-l:libunwind.a;dl;c;-l:libunwind.a;dl]
  implicit dirs: [/home/hydroxide/Android/Sdk/ndk/23.1.7779620/toolchains/llvm/prebuilt/linux-x86_64/lib64/clang/12.0.8/lib/linux/arm;/home/hydroxide/Android/Sdk/ndk/23.1.7779620/toolchains/llvm/prebuilt/linux-x86_64/lib/gcc/arm-linux-androideabi/4.9.x;/home/hydroxide/Android/Sdk/ndk/23.1.7779620/toolchains/llvm/prebuilt/linux-x86_64/sysroot/usr/lib/arm-linux-androideabi/21;/home/hydroxide/Android/Sdk/ndk/23.1.7779620/toolchains/llvm/prebuilt/linux-x86_64/sysroot/usr/lib/arm-linux-androideabi;/home/hydroxide/Android/Sdk/ndk/23.1.7779620/toolchains/llvm/prebuilt/linux-x86_64/sysroot/usr/lib]
  implicit fwks: []




Detecting CXX [-std=c++1z] compiler features compiled with the following output:
Change Dir: /mnt/hdd_2tb/home/hydroxide/projects/polyvox/polyvox_filament/android/.cxx/cmake/debug/armeabi-v7a/CMakeFiles/CMakeTmp

Run Build Command:"/home/hydroxide/Android/Sdk/cmake/3.10.2.4988404/bin/ninja" "cmTC_0b6f7"
[1/2] Building CXX object CMakeFiles/cmTC_0b6f7.dir/feature_tests.cxx.o
[2/2] Linking CXX executable cmTC_0b6f7


    Feature record: CXX_FEATURE:1cxx_aggregate_default_initializers
    Feature record: CXX_FEATURE:1cxx_alias_templates
    Feature record: CXX_FEATURE:1cxx_alignas
    Feature record: CXX_FEATURE:1cxx_alignof
    Feature record: CXX_FEATURE:1cxx_attributes
    Feature record: CXX_FEATURE:1cxx_attribute_deprecated
    Feature record: CXX_FEATURE:1cxx_auto_type
    Feature record: CXX_FEATURE:1cxx_binary_literals
    Feature record: CXX_FEATURE:1cxx_constexpr
    Feature record: CXX_FEATURE:1cxx_contextual_conversions
    Feature record: CXX_FEATURE:1cxx_decltype
    Feature record: CXX_FEATURE:1cxx_decltype_auto
    Feature record: CXX_FEATURE:1cxx_decltype_incomplete_return_types
    Feature record: CXX_FEATURE:1cxx_default_function_template_args
    Feature record: CXX_FEATURE:1cxx_defaulted_functions
    Feature record: CXX_FEATURE:1cxx_defaulted_move_initializers
    Feature record: CXX_FEATURE:1cxx_delegating_constructors
    Feature record: CXX_FEATURE:1cxx_deleted_functions
    Feature record: CXX_FEATURE:1cxx_digit_separators
    Feature record: CXX_FEATURE:1cxx_enum_forward_declarations
    Feature record: CXX_FEATURE:1cxx_explicit_conversions
    Feature record: CXX_FEATURE:1cxx_extended_friend_declarations
    Feature record: CXX_FEATURE:1cxx_extern_templates
    Feature record: CXX_FEATURE:1cxx_final
    Feature record: CXX_FEATURE:1cxx_func_identifier
    Feature record: CXX_FEATURE:1cxx_generalized_initializers
    Feature record: CXX_FEATURE:1cxx_generic_lambdas
    Feature record: CXX_FEATURE:1cxx_inheriting_constructors
    Feature record: CXX_FEATURE:1cxx_inline_namespaces
    Feature record: CXX_FEATURE:1cxx_lambdas
    Feature record: CXX_FEATURE:1cxx_lambda_init_captures
    Feature record: CXX_FEATURE:1cxx_local_type_template_args
    Feature record: CXX_FEATURE:1cxx_long_long_type
    Feature record: CXX_FEATURE:1cxx_noexcept
    Feature record: CXX_FEATURE:1cxx_nonstatic_member_init
    Feature record: CXX_FEATURE:1cxx_nullptr
    Feature record: CXX_FEATURE:1cxx_override
    Feature record: CXX_FEATURE:1cxx_range_for
    Feature record: CXX_FEATURE:1cxx_raw_string_literals
    Feature record: CXX_FEATURE:1cxx_reference_qualified_functions
    Feature record: CXX_FEATURE:1cxx_relaxed_constexpr
    Feature record: CXX_FEATURE:1cxx_return_type_deduction
    Feature record: CXX_FEATURE:1cxx_right_angle_brackets
    Feature record: CXX_FEATURE:1cxx_rvalue_references
    Feature record: CXX_FEATURE:1cxx_sizeof_member
    Feature record: CXX_FEATURE:1cxx_static_assert
    Feature record: CXX_FEATURE:1cxx_strong_enums
    Feature record: CXX_FEATURE:1cxx_template_template_parameters
    Feature record: CXX_FEATURE:1cxx_thread_local
    Feature record: CXX_FEATURE:1cxx_trailing_return_types
    Feature record: CXX_FEATURE:1cxx_unicode_literals
    Feature record: CXX_FEATURE:1cxx_uniform_initialization
    Feature record: CXX_FEATURE:1cxx_unrestricted_unions
    Feature record: CXX_FEATURE:1cxx_user_literals
    Feature record: CXX_FEATURE:1cxx_variable_templates
    Feature record: CXX_FEATURE:1cxx_variadic_macros
    Feature record: CXX_FEATURE:1cxx_variadic_templates


Detecting CXX [-std=c++14] compiler features compiled with the following output:
Change Dir: /mnt/hdd_2tb/home/hydroxide/projects/polyvox/polyvox_filament/android/.cxx/cmake/debug/armeabi-v7a/CMakeFiles/CMakeTmp

Run Build Command:"/home/hydroxide/Android/Sdk/cmake/3.10.2.4988404/bin/ninja" "cmTC_b11f2"
[1/2] Building CXX object CMakeFiles/cmTC_b11f2.dir/feature_tests.cxx.o
[2/2] Linking CXX executable cmTC_b11f2


    Feature record: CXX_FEATURE:1cxx_aggregate_default_initializers
    Feature record: CXX_FEATURE:1cxx_alias_templates
    Feature record: CXX_FEATURE:1cxx_alignas
    Feature record: CXX_FEATURE:1cxx_alignof
    Feature record: CXX_FEATURE:1cxx_attributes
    Feature record: CXX_FEATURE:1cxx_attribute_deprecated
    Feature record: CXX_FEATURE:1cxx_auto_type
    Feature record: CXX_FEATURE:1cxx_binary_literals
    Feature record: CXX_FEATURE:1cxx_constexpr
    Feature record: CXX_FEATURE:1cxx_contextual_conversions
    Feature record: CXX_FEATURE:1cxx_decltype
    Feature record: CXX_FEATURE:1cxx_decltype_auto
    Feature record: CXX_FEATURE:1cxx_decltype_incomplete_return_types
    Feature record: CXX_FEATURE:1cxx_default_function_template_args
    Feature record: CXX_FEATURE:1cxx_defaulted_functions
    Feature record: CXX_FEATURE:1cxx_defaulted_move_initializers
    Feature record: CXX_FEATURE:1cxx_delegating_constructors
    Feature record: CXX_FEATURE:1cxx_deleted_functions
    Feature record: CXX_FEATURE:1cxx_digit_separators
    Feature record: CXX_FEATURE:1cxx_enum_forward_declarations
    Feature record: CXX_FEATURE:1cxx_explicit_conversions
    Feature record: CXX_FEATURE:1cxx_extended_friend_declarations
    Feature record: CXX_FEATURE:1cxx_extern_templates
    Feature record: CXX_FEATURE:1cxx_final
    Feature record: CXX_FEATURE:1cxx_func_identifier
    Feature record: CXX_FEATURE:1cxx_generalized_initializers
    Feature record: CXX_FEATURE:1cxx_generic_lambdas
    Feature record: CXX_FEATURE:1cxx_inheriting_constructors
    Feature record: CXX_FEATURE:1cxx_inline_namespaces
    Feature record: CXX_FEATURE:1cxx_lambdas
    Feature record: CXX_FEATURE:1cxx_lambda_init_captures
    Feature record: CXX_FEATURE:1cxx_local_type_template_args
    Feature record: CXX_FEATURE:1cxx_long_long_type
    Feature record: CXX_FEATURE:1cxx_noexcept
    Feature record: CXX_FEATURE:1cxx_nonstatic_member_init
    Feature record: CXX_FEATURE:1cxx_nullptr
    Feature record: CXX_FEATURE:1cxx_override
    Feature record: CXX_FEATURE:1cxx_range_for
    Feature record: CXX_FEATURE:1cxx_raw_string_literals
    Feature record: CXX_FEATURE:1cxx_reference_qualified_functions
    Feature record: CXX_FEATURE:1cxx_relaxed_constexpr
    Feature record: CXX_FEATURE:1cxx_return_type_deduction
    Feature record: CXX_FEATURE:1cxx_right_angle_brackets
    Feature record: CXX_FEATURE:1cxx_rvalue_references
    Feature record: CXX_FEATURE:1cxx_sizeof_member
    Feature record: CXX_FEATURE:1cxx_static_assert
    Feature record: CXX_FEATURE:1cxx_strong_enums
    Feature record: CXX_FEATURE:1cxx_template_template_parameters
    Feature record: CXX_FEATURE:1cxx_thread_local
    Feature record: CXX_FEATURE:1cxx_trailing_return_types
    Feature record: CXX_FEATURE:1cxx_unicode_literals
    Feature record: CXX_FEATURE:1cxx_uniform_initialization
    Feature record: CXX_FEATURE:1cxx_unrestricted_unions
    Feature record: CXX_FEATURE:1cxx_user_literals
    Feature record: CXX_FEATURE:1cxx_variable_templates
    Feature record: CXX_FEATURE:1cxx_variadic_macros
    Feature record: CXX_FEATURE:1cxx_variadic_templates


Detecting CXX [-std=c++11] compiler features compiled with the following output:
Change Dir: /mnt/hdd_2tb/home/hydroxide/projects/polyvox/polyvox_filament/android/.cxx/cmake/debug/armeabi-v7a/CMakeFiles/CMakeTmp

Run Build Command:"/home/hydroxide/Android/Sdk/cmake/3.10.2.4988404/bin/ninja" "cmTC_cdfd0"
[1/2] Building CXX object CMakeFiles/cmTC_cdfd0.dir/feature_tests.cxx.o
[2/2] Linking CXX executable cmTC_cdfd0


    Feature record: CXX_FEATURE:0cxx_aggregate_default_initializers
    Feature record: CXX_FEATURE:1cxx_alias_templates
    Feature record: CXX_FEATURE:1cxx_alignas
    Feature record: CXX_FEATURE:1cxx_alignof
    Feature record: CXX_FEATURE:1cxx_attributes
    Feature record: CXX_FEATURE:0cxx_attribute_deprecated
    Feature record: CXX_FEATURE:1cxx_auto_type
    Feature record: CXX_FEATURE:0cxx_binary_literals
    Feature record: CXX_FEATURE:1cxx_constexpr
    Feature record: CXX_FEATURE:0cxx_contextual_conversions
    Feature record: CXX_FEATURE:1cxx_decltype
    Feature record: CXX_FEATURE:0cxx_decltype_auto
    Feature record: CXX_FEATURE:1cxx_decltype_incomplete_return_types
    Feature record: CXX_FEATURE:1cxx_default_function_template_args
    Feature record: CXX_FEATURE:1cxx_defaulted_functions
    Feature record: CXX_FEATURE:1cxx_defaulted_move_initializers
    Feature record: CXX_FEATURE:1cxx_delegating_constructors
    Feature record: CXX_FEATURE:1cxx_deleted_functions
    Feature record: CXX_FEATURE:0cxx_digit_separators
    Feature record: CXX_FEATURE:1cxx_enum_forward_declarations
    Feature record: CXX_FEATURE:1cxx_explicit_conversions
    Feature record: CXX_FEATURE:1cxx_extended_friend_declarations
    Feature record: CXX_FEATURE:1cxx_extern_templates
    Feature record: CXX_FEATURE:1cxx_final
    Feature record: CXX_FEATURE:1cxx_func_identifier
    Feature record: CXX_FEATURE:1cxx_generalized_initializers
    Feature record: CXX_FEATURE:0cxx_generic_lambdas
    Feature record: CXX_FEATURE:1cxx_inheriting_constructors
    Feature record: CXX_FEATURE:1cxx_inline_namespaces
    Feature record: CXX_FEATURE:1cxx_lambdas
    Feature record: CXX_FEATURE:0cxx_lambda_init_captures
    Feature record: CXX_FEATURE:1cxx_local_type_template_args
    Feature record: CXX_FEATURE:1cxx_long_long_type
    Feature record: CXX_FEATURE:1cxx_noexcept
    Feature record: CXX_FEATURE:1cxx_nonstatic_member_init
    Feature record: CXX_FEATURE:1cxx_nullptr
    Feature record: CXX_FEATURE:1cxx_override
    Feature record: CXX_FEATURE:1cxx_range_for
    Feature record: CXX_FEATURE:1cxx_raw_string_literals
    Feature record: CXX_FEATURE:1cxx_reference_qualified_functions
    Feature record: CXX_FEATURE:0cxx_relaxed_constexpr
    Feature record: CXX_FEATURE:0cxx_return_type_deduction
    Feature record: CXX_FEATURE:1cxx_right_angle_brackets
    Feature record: CXX_FEATURE:1cxx_rvalue_references
    Feature record: CXX_FEATURE:1cxx_sizeof_member
    Feature record: CXX_FEATURE:1cxx_static_assert
    Feature record: CXX_FEATURE:1cxx_strong_enums
    Feature record: CXX_FEATURE:1cxx_template_template_parameters
    Feature record: CXX_FEATURE:1cxx_thread_local
    Feature record: CXX_FEATURE:1cxx_trailing_return_types
    Feature record: CXX_FEATURE:1cxx_unicode_literals
    Feature record: CXX_FEATURE:1cxx_uniform_initialization
    Feature record: CXX_FEATURE:1cxx_unrestricted_unions
    Feature record: CXX_FEATURE:1cxx_user_literals
    Feature record: CXX_FEATURE:0cxx_variable_templates
    Feature record: CXX_FEATURE:1cxx_variadic_macros
    Feature record: CXX_FEATURE:1cxx_variadic_templates


Detecting CXX [-std=c++98] compiler features compiled with the following output:
Change Dir: /mnt/hdd_2tb/home/hydroxide/projects/polyvox/polyvox_filament/android/.cxx/cmake/debug/armeabi-v7a/CMakeFiles/CMakeTmp

Run Build Command:"/home/hydroxide/Android/Sdk/cmake/3.10.2.4988404/bin/ninja" "cmTC_9a012"
[1/2] Building CXX object CMakeFiles/cmTC_9a012.dir/feature_tests.cxx.o
[2/2] Linking CXX executable cmTC_9a012


    Feature record: CXX_FEATURE:0cxx_aggregate_default_initializers
    Feature record: CXX_FEATURE:0cxx_alias_templates
    Feature record: CXX_FEATURE:0cxx_alignas
    Feature record: CXX_FEATURE:0cxx_alignof
    Feature record: CXX_FEATURE:0cxx_attributes
    Feature record: CXX_FEATURE:0cxx_attribute_deprecated
    Feature record: CXX_FEATURE:0cxx_auto_type
    Feature record: CXX_FEATURE:0cxx_binary_literals
    Feature record: CXX_FEATURE:0cxx_constexpr
    Feature record: CXX_FEATURE:0cxx_contextual_conversions
    Feature record: CXX_FEATURE:0cxx_decltype
    Feature record: CXX_FEATURE:0cxx_decltype_auto
    Feature record: CXX_FEATURE:0cxx_decltype_incomplete_return_types
    Feature record: CXX_FEATURE:0cxx_default_function_template_args
    Feature record: CXX_FEATURE:0cxx_defaulted_functions
    Feature record: CXX_FEATURE:0cxx_defaulted_move_initializers
    Feature record: CXX_FEATURE:0cxx_delegating_constructors
    Feature record: CXX_FEATURE:0cxx_deleted_functions
    Feature record: CXX_FEATURE:0cxx_digit_separators
    Feature record: CXX_FEATURE:0cxx_enum_forward_declarations
    Feature record: CXX_FEATURE:0cxx_explicit_conversions
    Feature record: CXX_FEATURE:0cxx_extended_friend_declarations
    Feature record: CXX_FEATURE:0cxx_extern_templates
    Feature record: CXX_FEATURE:0cxx_final
    Feature record: CXX_FEATURE:0cxx_func_identifier
    Feature record: CXX_FEATURE:0cxx_generalized_initializers
    Feature record: CXX_FEATURE:0cxx_generic_lambdas
    Feature record: CXX_FEATURE:0cxx_inheriting_constructors
    Feature record: CXX_FEATURE:0cxx_inline_namespaces
    Feature record: CXX_FEATURE:0cxx_lambdas
    Feature record: CXX_FEATURE:0cxx_lambda_init_captures
    Feature record: CXX_FEATURE:0cxx_local_type_template_args
    Feature record: CXX_FEATURE:0cxx_long_long_type
    Feature record: CXX_FEATURE:0cxx_noexcept
    Feature record: CXX_FEATURE:0cxx_nonstatic_member_init
    Feature record: CXX_FEATURE:0cxx_nullptr
    Feature record: CXX_FEATURE:0cxx_override
    Feature record: CXX_FEATURE:0cxx_range_for
    Feature record: CXX_FEATURE:0cxx_raw_string_literals
    Feature record: CXX_FEATURE:0cxx_reference_qualified_functions
    Feature record: CXX_FEATURE:0cxx_relaxed_constexpr
    Feature record: CXX_FEATURE:0cxx_return_type_deduction
    Feature record: CXX_FEATURE:0cxx_right_angle_brackets
    Feature record: CXX_FEATURE:0cxx_rvalue_references
    Feature record: CXX_FEATURE:0cxx_sizeof_member
    Feature record: CXX_FEATURE:0cxx_static_assert
    Feature record: CXX_FEATURE:0cxx_strong_enums
    Feature record: CXX_FEATURE:1cxx_template_template_parameters
    Feature record: CXX_FEATURE:0cxx_thread_local
    Feature record: CXX_FEATURE:0cxx_trailing_return_types
    Feature record: CXX_FEATURE:0cxx_unicode_literals
    Feature record: CXX_FEATURE:0cxx_uniform_initialization
    Feature record: CXX_FEATURE:0cxx_unrestricted_unions
    Feature record: CXX_FEATURE:0cxx_user_literals
    Feature record: CXX_FEATURE:0cxx_variable_templates
    Feature record: CXX_FEATURE:0cxx_variadic_macros
    Feature record: CXX_FEATURE:0cxx_variadic_templates
